[debug] [2024-05-31T00:39:03.021Z] ----------------------------------------------------------------------
[debug] [2024-05-31T00:39:03.027Z] Command:       C:\Program Files\nodejs\node.exe C:\Users\yonat\AppData\Roaming\npm\node_modules\firebase-tools\lib\bin\firebase.js emulators:start --only functions
[debug] [2024-05-31T00:39:03.027Z] CLI Version:   13.10.1
[debug] [2024-05-31T00:39:03.028Z] Platform:      win32
[debug] [2024-05-31T00:39:03.028Z] Node Version:  v20.13.1
[debug] [2024-05-31T00:39:03.028Z] Time:          Thu May 30 2024 19:39:03 GMT-0500 (Central Daylight Time)
[debug] [2024-05-31T00:39:03.028Z] ----------------------------------------------------------------------
[debug] 
[debug] [2024-05-31T00:39:03.358Z] > command requires scopes: ["email","openid","https://www.googleapis.com/auth/cloudplatformprojects.readonly","https://www.googleapis.com/auth/firebase","https://www.googleapis.com/auth/cloud-platform"]
[debug] [2024-05-31T00:39:03.363Z] > authorizing via signed-in user (yonatan816288@gmail.com)
[info] i  emulators: Starting emulators: functions {"metadata":{"emulator":{"name":"hub"},"message":"Starting emulators: functions"}}
[debug] [2024-05-31T00:39:03.406Z] [logging] Logging Emulator only supports listening on one address (127.0.0.1). Not listening on ::1
[warn] !  ui: Emulator UI unable to start on port 4000, starting on 4001 instead. {"metadata":{"emulator":{"name":"ui"},"message":"Emulator UI unable to start on port 4000, starting on 4001 instead."}}
[debug] [2024-05-31T00:39:03.417Z] assigned listening specs for emulators {"user":{"hub":[{"address":"127.0.0.1","family":"IPv4","port":4400},{"address":"::1","family":"IPv6","port":4400}],"logging":[{"address":"127.0.0.1","family":"IPv4","port":4500}],"ui":[{"address":"127.0.0.1","family":"IPv4","port":4001},{"address":"::1","family":"IPv6","port":4001}]},"metadata":{"message":"assigned listening specs for emulators"}}
[debug] [2024-05-31T00:39:03.481Z] [hub] writing locator at C:\Users\yonat\AppData\Local\Temp\hub-e-2024.json
[debug] [2024-05-31T00:39:03.634Z] [functions] Functions Emulator only supports listening on one address (127.0.0.1). Not listening on ::1
[debug] [2024-05-31T00:39:03.635Z] [eventarc] Eventarc Emulator only supports listening on one address (127.0.0.1). Not listening on ::1
[debug] [2024-05-31T00:39:03.635Z] late-assigned ports for functions and eventarc emulators {"user":{"hub":[{"address":"127.0.0.1","family":"IPv4","port":4400},{"address":"::1","family":"IPv6","port":4400}],"logging":[{"address":"127.0.0.1","family":"IPv4","port":4500}],"ui":[{"address":"127.0.0.1","family":"IPv4","port":4001},{"address":"::1","family":"IPv6","port":4001}],"functions":[{"address":"127.0.0.1","family":"IPv4","port":5001}],"eventarc":[{"address":"127.0.0.1","family":"IPv4","port":9299}]},"metadata":{"message":"late-assigned ports for functions and eventarc emulators"}}
[warn] !  functions: The following emulators are not running, calls to these services from the Functions emulator will affect production: auth, firestore, database, hosting, pubsub, storage, dataconnect {"metadata":{"emulator":{"name":"functions"},"message":"The following emulators are not running, calls to these services from the Functions emulator will affect production: \u001b[1mauth, firestore, database, hosting, pubsub, storage, dataconnect\u001b[22m"}}
[debug] [2024-05-31T00:39:03.665Z] defaultcredentials: writing to file C:\Users\yonat\AppData\Roaming\firebase\yonatan816288_gmail_com_application_default_credentials.json
[debug] [2024-05-31T00:39:03.729Z] Setting GAC to C:\Users\yonat\AppData\Roaming\firebase\yonatan816288_gmail_com_application_default_credentials.json {"metadata":{"emulator":{"name":"functions"},"message":"Setting GAC to C:\\Users\\yonat\\AppData\\Roaming\\firebase\\yonatan816288_gmail_com_application_default_credentials.json"}}
[debug] [2024-05-31T00:39:03.740Z] >>> [apiv2][query] GET https://firebase.googleapis.com/v1beta1/projects/e-2024/adminSdkConfig [none]
[debug] [2024-05-31T00:39:04.116Z] <<< [apiv2][status] GET https://firebase.googleapis.com/v1beta1/projects/e-2024/adminSdkConfig 403
[debug] [2024-05-31T00:39:04.117Z] <<< [apiv2][body] GET https://firebase.googleapis.com/v1beta1/projects/e-2024/adminSdkConfig {"error":{"code":403,"message":"The caller does not have permission","status":"PERMISSION_DENIED"}}
[debug] [2024-05-31T00:39:04.118Z] Failed to get Admin SDK config for e-2024, falling back to cache Failed to get Admin SDK for Firebase project e-2024. Please make sure the project exists and your account has permission to access it. {"name":"FirebaseError","children":[],"exit":2,"message":"Failed to get Admin SDK for Firebase project e-2024. Please make sure the project exists and your account has permission to access it.","original":{"name":"FirebaseError","children":[],"context":{"body":{"error":{"code":403,"message":"The caller does not have permission","status":"PERMISSION_DENIED"}},"response":{"statusCode":403}},"exit":1,"message":"HTTP Error: 403, The caller does not have permission","status":403},"status":500}
[warn] !  functions: Unable to fetch project Admin SDK configuration, Admin SDK behavior in Cloud Functions emulator may be incorrect. {"metadata":{"emulator":{"name":"functions"},"message":"Unable to fetch project Admin SDK configuration, Admin SDK behavior in Cloud Functions emulator may be incorrect."}}
[debug] [2024-05-31T00:39:04.161Z] Ignoring unsupported arg: auto_download {"metadata":{"emulator":{"name":"ui"},"message":"Ignoring unsupported arg: auto_download"}}
[debug] [2024-05-31T00:39:04.161Z] Ignoring unsupported arg: port {"metadata":{"emulator":{"name":"ui"},"message":"Ignoring unsupported arg: port"}}
[debug] [2024-05-31T00:39:04.161Z] Starting Emulator UI with command {"binary":"node","args":["C:\\Users\\yonat\\.cache\\firebase\\emulators\\ui-v1.12.1\\server\\server.mjs"],"optionalArgs":[],"joinArgs":false,"shell":false} {"metadata":{"emulator":{"name":"ui"},"message":"Starting Emulator UI with command {\"binary\":\"node\",\"args\":[\"C:\\\\Users\\\\yonat\\\\.cache\\\\firebase\\\\emulators\\\\ui-v1.12.1\\\\server\\\\server.mjs\"],\"optionalArgs\":[],\"joinArgs\":false,\"shell\":false}"}}
[info] i  ui: Emulator UI logging to ui-debug.log {"metadata":{"emulator":{"name":"ui"},"message":"Emulator UI logging to \u001b[1mui-debug.log\u001b[22m"}}
[debug] [2024-05-31T00:39:04.693Z] Web / API server started at 127.0.0.1:4001
 {"metadata":{"emulator":{"name":"ui"},"message":"Web / API server started at 127.0.0.1:4001\n"}}
[debug] [2024-05-31T00:39:04.694Z] Web / API server started at ::1:4001
 {"metadata":{"emulator":{"name":"ui"},"message":"Web / API server started at ::1:4001\n"}}
[info] i  functions: Watching "C:\Users\yonat\OneDrive\Desktop\Amazon-backend-clone\Amazon-clone-frontend-and-backend\functions" for Cloud Functions... {"metadata":{"emulator":{"name":"functions"},"message":"Watching \"C:\\Users\\yonat\\OneDrive\\Desktop\\Amazon-backend-clone\\Amazon-clone-frontend-and-backend\\functions\" for Cloud Functions..."}}
[debug] [2024-05-31T00:39:04.867Z] Validating nodejs source
[warn] !  functions: package.json indicates an outdated version of firebase-functions. Please upgrade using npm install --save firebase-functions@latest in your functions directory. 
[warn] !  functions: Please note that there will be breaking changes when you upgrade. 
[debug] [2024-05-31T00:39:08.295Z] > [functions] package.json contents: {
  "name": "functions",
  "description": "Cloud Functions for Firebase",
  "scripts": {
    "serve": "firebase emulators:start --only functions",
    "shell": "firebase functions:shell",
    "start": "npm run shell",
    "deploy": "firebase deploy --only functions",
    "logs": "firebase functions:log"
  },
  "engines": {
    "node": "18"
  },
  "main": "index.js",
  "dependencies": {
    "cors": "^2.8.5",
    "dotenv": "^16.4.2",
    "express": "^4.18.2",
    "firebase-admin": "^12.1.1",
    "firebase-functions": "^4.3.1",
    "stripe": "^14.16.0"
  },
  "devDependencies": {
    "firebase-functions-test": "^3.1.0"
  },
  "private": true
}
[debug] [2024-05-31T00:39:08.297Z] Building nodejs source
[debug] [2024-05-31T00:39:08.300Z] Failed to find version of module node: reached end of search path C:\Users\yonat\OneDrive\Desktop\Amazon-backend-clone\Amazon-clone-frontend-and-backend\functions\node_modules
[warn] !  functions: Your requested "node" version "18" doesn't match your global version "20". Using node@20 from host. 
[info] i  functions: Loaded environment variables from .env. 
[debug] [2024-05-31T00:39:08.309Z] Could not find functions.yaml. Must use http discovery
[debug] [2024-05-31T00:39:08.373Z] Found firebase-functions binary at 'C:\Users\yonat\OneDrive\Desktop\Amazon-backend-clone\Amazon-clone-frontend-and-backend\functions\node_modules\.bin\firebase-functions'
[info] Serving at port 8825

[debug] [2024-05-31T00:39:11.093Z] Got response from /__/functions.yaml {"endpoints":{"api":{"availableMemoryMb":null,"timeoutSeconds":null,"minInstances":null,"maxInstances":null,"ingressSettings":null,"concurrency":null,"serviceAccountEmail":null,"vpc":null,"platform":"gcfv2","labels":{},"httpsTrigger":{},"entryPoint":"api"}},"specVersion":"v1alpha1","requiredAPIs":[]}
[info] +  functions: Loaded functions definitions from source: api. {"metadata":{"emulator":{"name":"functions"},"message":"Loaded functions definitions from source: api."}}
[info] +  functions[us-central1-api]: http function initialized (http://127.0.0.1:5001/e-2024/us-central1/api). {"metadata":{"emulator":{"name":"functions"},"message":"\u001b[1mhttp\u001b[22m function initialized (http://127.0.0.1:5001/e-2024/us-central1/api)."}}
[info] 
┌─────────────────────────────────────────────────────────────┐
│ ✔  All emulators ready! It is now safe to connect your app. │
│ i  View Emulator UI at http://127.0.0.1:4001/               │
└─────────────────────────────────────────────────────────────┘

┌───────────┬────────────────┬─────────────────────────────────┐
│ Emulator  │ Host:Port      │ View in Emulator UI             │
├───────────┼────────────────┼─────────────────────────────────┤
│ Functions │ 127.0.0.1:5001 │ http://127.0.0.1:4001/functions │
└───────────┴────────────────┴─────────────────────────────────┘
  Emulator Hub running at 127.0.0.1:4400
  Other reserved ports: 4500

Issues? Report them at https://github.com/firebase/firebase-tools/issues and attach the *-debug.log files.
 
[debug] [2024-05-31T00:40:33.070Z] [work-queue] {"queuedWork":["/e-2024/us-central1/api-2024-05-31T00:40:33.066Z"],"queueLength":1,"runningWork":[],"workRunningCount":0}
[debug] [2024-05-31T00:40:33.075Z] [work-queue] {"queuedWork":[],"queueLength":0,"runningWork":["/e-2024/us-central1/api-2024-05-31T00:40:33.066Z"],"workRunningCount":1}
[debug] [2024-05-31T00:40:33.080Z] Accepted request GET /e-2024/us-central1/api --> us-central1-api
[debug] [2024-05-31T00:40:33.101Z] [functions] Runtime ready! Sending request! {"metadata":{"emulator":{"name":"functions"},"message":"[functions] Runtime ready! Sending request!"}}
[debug] [2024-05-31T00:40:33.106Z] [functions] Got req.url=/e-2024/us-central1/api, mapping to path=/ {"metadata":{"emulator":{"name":"functions"},"message":"[functions] Got req.url=/e-2024/us-central1/api, mapping to path=/"}}
[info] i  functions: Loaded environment variables from .env. 
[debug] [2024-05-31T00:40:33.308Z] [worker-pool] addWorker(us-central1-api) {"metadata":{"emulator":{"name":"functions"},"message":"[worker-pool] addWorker(us-central1-api)"}}
[debug] [2024-05-31T00:40:33.313Z] [worker-pool] Adding worker with key us-central1-api, total=1 {"metadata":{"emulator":{"name":"functions"},"message":"[worker-pool] Adding worker with key us-central1-api, total=1"}}
[debug] [2024-05-31T00:40:36.870Z] [runtime-status] [27344] Resolved module firebase-admin {"declared":true,"installed":true,"version":"12.1.1","resolution":"C:\\Users\\yonat\\OneDrive\\Desktop\\Amazon-backend-clone\\Amazon-clone-frontend-and-backend\\functions\\node_modules\\firebase-admin\\lib\\index.js"} {"metadata":{"emulator":{"name":"functions"},"function":{"name":"us-central1-api"},"extension":{},"message":"[runtime-status] [27344] Resolved module firebase-admin {\"declared\":true,\"installed\":true,\"version\":\"12.1.1\",\"resolution\":\"C:\\\\Users\\\\yonat\\\\OneDrive\\\\Desktop\\\\Amazon-backend-clone\\\\Amazon-clone-frontend-and-backend\\\\functions\\\\node_modules\\\\firebase-admin\\\\lib\\\\index.js\"}"}}
[debug] [2024-05-31T00:40:36.872Z] [runtime-status] [27344] Resolved module firebase-functions {"declared":true,"installed":true,"version":"4.7.0","resolution":"C:\\Users\\yonat\\OneDrive\\Desktop\\Amazon-backend-clone\\Amazon-clone-frontend-and-backend\\functions\\node_modules\\firebase-functions\\lib\\v1\\index.js"} {"metadata":{"emulator":{"name":"functions"},"function":{"name":"us-central1-api"},"extension":{},"message":"[runtime-status] [27344] Resolved module firebase-functions {\"declared\":true,\"installed\":true,\"version\":\"4.7.0\",\"resolution\":\"C:\\\\Users\\\\yonat\\\\OneDrive\\\\Desktop\\\\Amazon-backend-clone\\\\Amazon-clone-frontend-and-backend\\\\functions\\\\node_modules\\\\firebase-functions\\\\lib\\\\v1\\\\index.js\"}"}}
[debug] [2024-05-31T00:40:36.872Z] [runtime-status] [27344] Outgoing network have been stubbed. [{"name":"http","status":"mocked"},{"name":"http","status":"mocked"},{"name":"https","status":"mocked"},{"name":"https","status":"mocked"},{"name":"net","status":"mocked"}] {"metadata":{"emulator":{"name":"functions"},"function":{"name":"us-central1-api"},"extension":{},"message":"[runtime-status] [27344] Outgoing network have been stubbed. [{\"name\":\"http\",\"status\":\"mocked\"},{\"name\":\"http\",\"status\":\"mocked\"},{\"name\":\"https\",\"status\":\"mocked\"},{\"name\":\"https\",\"status\":\"mocked\"},{\"name\":\"net\",\"status\":\"mocked\"}]"}}
[debug] [2024-05-31T00:40:36.874Z] [runtime-status] [27344] Resolved module firebase-functions {"declared":true,"installed":true,"version":"4.7.0","resolution":"C:\\Users\\yonat\\OneDrive\\Desktop\\Amazon-backend-clone\\Amazon-clone-frontend-and-backend\\functions\\node_modules\\firebase-functions\\lib\\v1\\index.js"} {"metadata":{"emulator":{"name":"functions"},"function":{"name":"us-central1-api"},"extension":{},"message":"[runtime-status] [27344] Resolved module firebase-functions {\"declared\":true,\"installed\":true,\"version\":\"4.7.0\",\"resolution\":\"C:\\\\Users\\\\yonat\\\\OneDrive\\\\Desktop\\\\Amazon-backend-clone\\\\Amazon-clone-frontend-and-backend\\\\functions\\\\node_modules\\\\firebase-functions\\\\lib\\\\v1\\\\index.js\"}"}}
[debug] [2024-05-31T00:40:37.242Z] [runtime-status] [27344] Checked functions.config() {"config":{}} {"metadata":{"emulator":{"name":"functions"},"function":{"name":"us-central1-api"},"extension":{},"message":"[runtime-status] [27344] Checked functions.config() {\"config\":{}}"}}
[debug] [2024-05-31T00:40:37.242Z] [runtime-status] [27344] firebase-functions has been stubbed. {"functionsResolution":{"declared":true,"installed":true,"version":"4.7.0","resolution":"C:\\Users\\yonat\\OneDrive\\Desktop\\Amazon-backend-clone\\Amazon-clone-frontend-and-backend\\functions\\node_modules\\firebase-functions\\lib\\v1\\index.js"}} {"metadata":{"emulator":{"name":"functions"},"function":{"name":"us-central1-api"},"extension":{},"message":"[runtime-status] [27344] firebase-functions has been stubbed. {\"functionsResolution\":{\"declared\":true,\"installed\":true,\"version\":\"4.7.0\",\"resolution\":\"C:\\\\Users\\\\yonat\\\\OneDrive\\\\Desktop\\\\Amazon-backend-clone\\\\Amazon-clone-frontend-and-backend\\\\functions\\\\node_modules\\\\firebase-functions\\\\lib\\\\v1\\\\index.js\"}}"}}
[debug] [2024-05-31T00:40:37.243Z] [runtime-status] [27344] Resolved module firebase-functions {"declared":true,"installed":true,"version":"4.7.0","resolution":"C:\\Users\\yonat\\OneDrive\\Desktop\\Amazon-backend-clone\\Amazon-clone-frontend-and-backend\\functions\\node_modules\\firebase-functions\\lib\\v1\\index.js"} {"metadata":{"emulator":{"name":"functions"},"function":{"name":"us-central1-api"},"extension":{},"message":"[runtime-status] [27344] Resolved module firebase-functions {\"declared\":true,\"installed\":true,\"version\":\"4.7.0\",\"resolution\":\"C:\\\\Users\\\\yonat\\\\OneDrive\\\\Desktop\\\\Amazon-backend-clone\\\\Amazon-clone-frontend-and-backend\\\\functions\\\\node_modules\\\\firebase-functions\\\\lib\\\\v1\\\\index.js\"}"}}
[debug] [2024-05-31T00:40:37.245Z] [runtime-status] [27344] Resolved module firebase-admin {"declared":true,"installed":true,"version":"12.1.1","resolution":"C:\\Users\\yonat\\OneDrive\\Desktop\\Amazon-backend-clone\\Amazon-clone-frontend-and-backend\\functions\\node_modules\\firebase-admin\\lib\\index.js"} {"metadata":{"emulator":{"name":"functions"},"function":{"name":"us-central1-api"},"extension":{},"message":"[runtime-status] [27344] Resolved module firebase-admin {\"declared\":true,\"installed\":true,\"version\":\"12.1.1\",\"resolution\":\"C:\\\\Users\\\\yonat\\\\OneDrive\\\\Desktop\\\\Amazon-backend-clone\\\\Amazon-clone-frontend-and-backend\\\\functions\\\\node_modules\\\\firebase-admin\\\\lib\\\\index.js\"}"}}
[debug] [2024-05-31T00:40:37.249Z] [runtime-status] [27344] Resolved module firebase-functions {"declared":true,"installed":true,"version":"4.7.0","resolution":"C:\\Users\\yonat\\OneDrive\\Desktop\\Amazon-backend-clone\\Amazon-clone-frontend-and-backend\\functions\\node_modules\\firebase-functions\\lib\\v1\\index.js"} {"metadata":{"emulator":{"name":"functions"},"function":{"name":"us-central1-api"},"extension":{},"message":"[runtime-status] [27344] Resolved module firebase-functions {\"declared\":true,\"installed\":true,\"version\":\"4.7.0\",\"resolution\":\"C:\\\\Users\\\\yonat\\\\OneDrive\\\\Desktop\\\\Amazon-backend-clone\\\\Amazon-clone-frontend-and-backend\\\\functions\\\\node_modules\\\\firebase-functions\\\\lib\\\\v1\\\\index.js\"}"}}
[debug] [2024-05-31T00:40:37.249Z] [runtime-status] [27344] firebase-admin has been stubbed. {"adminResolution":{"declared":true,"installed":true,"version":"12.1.1","resolution":"C:\\Users\\yonat\\OneDrive\\Desktop\\Amazon-backend-clone\\Amazon-clone-frontend-and-backend\\functions\\node_modules\\firebase-admin\\lib\\index.js"}} {"metadata":{"emulator":{"name":"functions"},"function":{"name":"us-central1-api"},"extension":{},"message":"[runtime-status] [27344] firebase-admin has been stubbed. {\"adminResolution\":{\"declared\":true,\"installed\":true,\"version\":\"12.1.1\",\"resolution\":\"C:\\\\Users\\\\yonat\\\\OneDrive\\\\Desktop\\\\Amazon-backend-clone\\\\Amazon-clone-frontend-and-backend\\\\functions\\\\node_modules\\\\firebase-admin\\\\lib\\\\index.js\"}}"}}
[debug] [2024-05-31T00:40:37.558Z] [runtime-status] [27344] Functions runtime initialized. {"cwd":"C:\\Users\\yonat\\OneDrive\\Desktop\\Amazon-backend-clone\\Amazon-clone-frontend-and-backend\\functions","node_version":"20.13.1"} {"metadata":{"emulator":{"name":"functions"},"function":{"name":"us-central1-api"},"extension":{},"message":"[runtime-status] [27344] Functions runtime initialized. {\"cwd\":\"C:\\\\Users\\\\yonat\\\\OneDrive\\\\Desktop\\\\Amazon-backend-clone\\\\Amazon-clone-frontend-and-backend\\\\functions\",\"node_version\":\"20.13.1\"}"}}
[debug] [2024-05-31T00:40:37.559Z] [runtime-status] [27344] Listening to port: \\?\pipe\fire_emu_77357d54cd133b0b {"metadata":{"emulator":{"name":"functions"},"function":{"name":"us-central1-api"},"extension":{},"message":"[runtime-status] [27344] Listening to port: \\\\?\\pipe\\fire_emu_77357d54cd133b0b"}}
[debug] [2024-05-31T00:40:37.580Z] [worker-us-central1-api-d3e0ba8c-ad79-49f7-bfe7-f598ff0b54b5]: IDLE {"metadata":{"emulator":{"name":"functions"},"function":{"name":"us-central1-api"},"extension":{},"message":"[worker-us-central1-api-d3e0ba8c-ad79-49f7-bfe7-f598ff0b54b5]: IDLE"}}
[debug] [2024-05-31T00:40:37.580Z] [worker-pool] submitRequest(triggerId=us-central1-api) {"metadata":{"emulator":{"name":"functions"},"message":"[worker-pool] submitRequest(triggerId=us-central1-api)"}}
[info] i  functions: Beginning execution of "us-central1-api" {"metadata":{"emulator":{"name":"functions"},"function":{"name":"us-central1-api"},"extension":{},"message":"Beginning execution of \"us-central1-api\""}}
[debug] [2024-05-31T00:40:37.582Z] [worker-us-central1-api-d3e0ba8c-ad79-49f7-bfe7-f598ff0b54b5]: BUSY {"metadata":{"emulator":{"name":"functions"},"function":{"name":"us-central1-api"},"extension":{},"message":"[worker-us-central1-api-d3e0ba8c-ad79-49f7-bfe7-f598ff0b54b5]: BUSY"}}
[debug] [2024-05-31T00:40:37.608Z] Finishing up request with event=pause {"metadata":{"emulator":{"name":"functions"},"function":{"name":"us-central1-api"},"extension":{},"message":"Finishing up request with event=pause"}}
[info] i  functions: Finished "us-central1-api" in 26.498ms {"metadata":{"emulator":{"name":"functions"},"function":{"name":"us-central1-api"},"extension":{},"message":"Finished \"us-central1-api\" in 26.498ms"}}
[debug] [2024-05-31T00:40:37.616Z] [worker-us-central1-api-d3e0ba8c-ad79-49f7-bfe7-f598ff0b54b5]: IDLE {"metadata":{"emulator":{"name":"functions"},"function":{"name":"us-central1-api"},"extension":{},"message":"[worker-us-central1-api-d3e0ba8c-ad79-49f7-bfe7-f598ff0b54b5]: IDLE"}}
[debug] [2024-05-31T00:40:37.616Z] Finishing up request with event=finish {"metadata":{"emulator":{"name":"functions"},"function":{"name":"us-central1-api"},"extension":{},"message":"Finishing up request with event=finish"}}
[debug] [2024-05-31T00:40:37.618Z] Finishing up request with event=close {"metadata":{"emulator":{"name":"functions"},"function":{"name":"us-central1-api"},"extension":{},"message":"Finishing up request with event=close"}}
[debug] [2024-05-31T00:40:37.619Z] [work-queue] {"queuedWork":[],"queueLength":0,"runningWork":[],"workRunningCount":0}
[debug] [2024-05-31T00:40:37.823Z] Functions emulator received unknown request at path /favicon.ico
[debug] [2024-05-31T00:46:38.892Z] [work-queue] {"queuedWork":["/e-2024/us-central1/api/payment/create-2024-05-31T00:46:38.891Z"],"queueLength":1,"runningWork":[],"workRunningCount":0}
[debug] [2024-05-31T00:46:38.895Z] [work-queue] {"queuedWork":[],"queueLength":0,"runningWork":["/e-2024/us-central1/api/payment/create-2024-05-31T00:46:38.891Z"],"workRunningCount":1}
[debug] [2024-05-31T00:46:38.895Z] Accepted request POST /e-2024/us-central1/api/payment/create?total=11398 --> us-central1-api
[debug] [2024-05-31T00:46:38.905Z] [functions] Runtime ready! Sending request! {"metadata":{"emulator":{"name":"functions"},"message":"[functions] Runtime ready! Sending request!"}}
[debug] [2024-05-31T00:46:38.907Z] [functions] Got req.url=/e-2024/us-central1/api/payment/create?total=11398, mapping to path=/payment/create?total=11398 {"metadata":{"emulator":{"name":"functions"},"message":"[functions] Got req.url=/e-2024/us-central1/api/payment/create?total=11398, mapping to path=/payment/create?total=11398"}}
[debug] [2024-05-31T00:46:38.908Z] [worker-pool] submitRequest(triggerId=us-central1-api) {"metadata":{"emulator":{"name":"functions"},"message":"[worker-pool] submitRequest(triggerId=us-central1-api)"}}
[info] i  functions: Beginning execution of "us-central1-api" {"metadata":{"emulator":{"name":"functions"},"function":{"name":"us-central1-api"},"extension":{},"message":"Beginning execution of \"us-central1-api\""}}
[debug] [2024-05-31T00:46:38.916Z] [worker-us-central1-api-d3e0ba8c-ad79-49f7-bfe7-f598ff0b54b5]: BUSY {"metadata":{"emulator":{"name":"functions"},"function":{"name":"us-central1-api"},"extension":{},"message":"[worker-us-central1-api-d3e0ba8c-ad79-49f7-bfe7-f598ff0b54b5]: BUSY"}}
[debug] [2024-05-31T00:46:39.196Z] [work-queue] {"queuedWork":["/e-2024/us-central1/api/payment/create-2024-05-31T00:46:39.196Z"],"queueLength":1,"runningWork":["/e-2024/us-central1/api/payment/create-2024-05-31T00:46:38.891Z"],"workRunningCount":1}
[debug] [2024-05-31T00:46:39.197Z] [work-queue] {"queuedWork":[],"queueLength":0,"runningWork":["/e-2024/us-central1/api/payment/create-2024-05-31T00:46:38.891Z","/e-2024/us-central1/api/payment/create-2024-05-31T00:46:39.196Z"],"workRunningCount":2}
[debug] [2024-05-31T00:46:39.197Z] Accepted request POST /e-2024/us-central1/api/payment/create?total=11398 --> us-central1-api
[debug] [2024-05-31T00:46:39.199Z] [functions] Runtime ready! Sending request! {"metadata":{"emulator":{"name":"functions"},"message":"[functions] Runtime ready! Sending request!"}}
[debug] [2024-05-31T00:46:39.200Z] [functions] Got req.url=/e-2024/us-central1/api/payment/create?total=11398, mapping to path=/payment/create?total=11398 {"metadata":{"emulator":{"name":"functions"},"message":"[functions] Got req.url=/e-2024/us-central1/api/payment/create?total=11398, mapping to path=/payment/create?total=11398"}}
[info] i  functions: Loaded environment variables from .env. 
[debug] [2024-05-31T00:46:39.244Z] [worker-pool] addWorker(us-central1-api) {"metadata":{"emulator":{"name":"functions"},"message":"[worker-pool] addWorker(us-central1-api)"}}
[debug] [2024-05-31T00:46:39.245Z] [worker-pool] Adding worker with key us-central1-api, total=2 {"metadata":{"emulator":{"name":"functions"},"message":"[worker-pool] Adding worker with key us-central1-api, total=2"}}
[debug] [2024-05-31T00:46:40.263Z] Finishing up request with event=pause {"metadata":{"emulator":{"name":"functions"},"function":{"name":"us-central1-api"},"extension":{},"message":"Finishing up request with event=pause"}}
[info] i  functions: Finished "us-central1-api" in 1348.3709ms {"metadata":{"emulator":{"name":"functions"},"function":{"name":"us-central1-api"},"extension":{},"message":"Finished \"us-central1-api\" in 1348.3709ms"}}
[debug] [2024-05-31T00:46:40.271Z] [worker-us-central1-api-d3e0ba8c-ad79-49f7-bfe7-f598ff0b54b5]: IDLE {"metadata":{"emulator":{"name":"functions"},"function":{"name":"us-central1-api"},"extension":{},"message":"[worker-us-central1-api-d3e0ba8c-ad79-49f7-bfe7-f598ff0b54b5]: IDLE"}}
[debug] [2024-05-31T00:46:40.272Z] Finishing up request with event=finish {"metadata":{"emulator":{"name":"functions"},"function":{"name":"us-central1-api"},"extension":{},"message":"Finishing up request with event=finish"}}
[debug] [2024-05-31T00:46:40.274Z] Finishing up request with event=close {"metadata":{"emulator":{"name":"functions"},"function":{"name":"us-central1-api"},"extension":{},"message":"Finishing up request with event=close"}}
[debug] [2024-05-31T00:46:40.276Z] [work-queue] {"queuedWork":[],"queueLength":0,"runningWork":["/e-2024/us-central1/api/payment/create-2024-05-31T00:46:39.196Z"],"workRunningCount":1}
[debug] [2024-05-31T00:46:44.513Z] [runtime-status] [38892] Resolved module firebase-admin {"declared":true,"installed":true,"version":"12.1.1","resolution":"C:\\Users\\yonat\\OneDrive\\Desktop\\Amazon-backend-clone\\Amazon-clone-frontend-and-backend\\functions\\node_modules\\firebase-admin\\lib\\index.js"} {"metadata":{"emulator":{"name":"functions"},"function":{"name":"us-central1-api"},"extension":{},"message":"[runtime-status] [38892] Resolved module firebase-admin {\"declared\":true,\"installed\":true,\"version\":\"12.1.1\",\"resolution\":\"C:\\\\Users\\\\yonat\\\\OneDrive\\\\Desktop\\\\Amazon-backend-clone\\\\Amazon-clone-frontend-and-backend\\\\functions\\\\node_modules\\\\firebase-admin\\\\lib\\\\index.js\"}"}}
[debug] [2024-05-31T00:46:44.515Z] [runtime-status] [38892] Resolved module firebase-functions {"declared":true,"installed":true,"version":"4.7.0","resolution":"C:\\Users\\yonat\\OneDrive\\Desktop\\Amazon-backend-clone\\Amazon-clone-frontend-and-backend\\functions\\node_modules\\firebase-functions\\lib\\v1\\index.js"} {"metadata":{"emulator":{"name":"functions"},"function":{"name":"us-central1-api"},"extension":{},"message":"[runtime-status] [38892] Resolved module firebase-functions {\"declared\":true,\"installed\":true,\"version\":\"4.7.0\",\"resolution\":\"C:\\\\Users\\\\yonat\\\\OneDrive\\\\Desktop\\\\Amazon-backend-clone\\\\Amazon-clone-frontend-and-backend\\\\functions\\\\node_modules\\\\firebase-functions\\\\lib\\\\v1\\\\index.js\"}"}}
[debug] [2024-05-31T00:46:44.516Z] [runtime-status] [38892] Outgoing network have been stubbed. [{"name":"http","status":"mocked"},{"name":"http","status":"mocked"},{"name":"https","status":"mocked"},{"name":"https","status":"mocked"},{"name":"net","status":"mocked"}] {"metadata":{"emulator":{"name":"functions"},"function":{"name":"us-central1-api"},"extension":{},"message":"[runtime-status] [38892] Outgoing network have been stubbed. [{\"name\":\"http\",\"status\":\"mocked\"},{\"name\":\"http\",\"status\":\"mocked\"},{\"name\":\"https\",\"status\":\"mocked\"},{\"name\":\"https\",\"status\":\"mocked\"},{\"name\":\"net\",\"status\":\"mocked\"}]"}}
[debug] [2024-05-31T00:46:44.517Z] [runtime-status] [38892] Resolved module firebase-functions {"declared":true,"installed":true,"version":"4.7.0","resolution":"C:\\Users\\yonat\\OneDrive\\Desktop\\Amazon-backend-clone\\Amazon-clone-frontend-and-backend\\functions\\node_modules\\firebase-functions\\lib\\v1\\index.js"} {"metadata":{"emulator":{"name":"functions"},"function":{"name":"us-central1-api"},"extension":{},"message":"[runtime-status] [38892] Resolved module firebase-functions {\"declared\":true,\"installed\":true,\"version\":\"4.7.0\",\"resolution\":\"C:\\\\Users\\\\yonat\\\\OneDrive\\\\Desktop\\\\Amazon-backend-clone\\\\Amazon-clone-frontend-and-backend\\\\functions\\\\node_modules\\\\firebase-functions\\\\lib\\\\v1\\\\index.js\"}"}}
[debug] [2024-05-31T00:46:45.427Z] [runtime-status] [38892] Checked functions.config() {"config":{}} {"metadata":{"emulator":{"name":"functions"},"function":{"name":"us-central1-api"},"extension":{},"message":"[runtime-status] [38892] Checked functions.config() {\"config\":{}}"}}
[debug] [2024-05-31T00:46:45.428Z] [runtime-status] [38892] firebase-functions has been stubbed. {"functionsResolution":{"declared":true,"installed":true,"version":"4.7.0","resolution":"C:\\Users\\yonat\\OneDrive\\Desktop\\Amazon-backend-clone\\Amazon-clone-frontend-and-backend\\functions\\node_modules\\firebase-functions\\lib\\v1\\index.js"}} {"metadata":{"emulator":{"name":"functions"},"function":{"name":"us-central1-api"},"extension":{},"message":"[runtime-status] [38892] firebase-functions has been stubbed. {\"functionsResolution\":{\"declared\":true,\"installed\":true,\"version\":\"4.7.0\",\"resolution\":\"C:\\\\Users\\\\yonat\\\\OneDrive\\\\Desktop\\\\Amazon-backend-clone\\\\Amazon-clone-frontend-and-backend\\\\functions\\\\node_modules\\\\firebase-functions\\\\lib\\\\v1\\\\index.js\"}}"}}
[debug] [2024-05-31T00:46:45.431Z] [runtime-status] [38892] Resolved module firebase-functions {"declared":true,"installed":true,"version":"4.7.0","resolution":"C:\\Users\\yonat\\OneDrive\\Desktop\\Amazon-backend-clone\\Amazon-clone-frontend-and-backend\\functions\\node_modules\\firebase-functions\\lib\\v1\\index.js"} {"metadata":{"emulator":{"name":"functions"},"function":{"name":"us-central1-api"},"extension":{},"message":"[runtime-status] [38892] Resolved module firebase-functions {\"declared\":true,\"installed\":true,\"version\":\"4.7.0\",\"resolution\":\"C:\\\\Users\\\\yonat\\\\OneDrive\\\\Desktop\\\\Amazon-backend-clone\\\\Amazon-clone-frontend-and-backend\\\\functions\\\\node_modules\\\\firebase-functions\\\\lib\\\\v1\\\\index.js\"}"}}
[debug] [2024-05-31T00:46:45.438Z] [runtime-status] [38892] Resolved module firebase-admin {"declared":true,"installed":true,"version":"12.1.1","resolution":"C:\\Users\\yonat\\OneDrive\\Desktop\\Amazon-backend-clone\\Amazon-clone-frontend-and-backend\\functions\\node_modules\\firebase-admin\\lib\\index.js"} {"metadata":{"emulator":{"name":"functions"},"function":{"name":"us-central1-api"},"extension":{},"message":"[runtime-status] [38892] Resolved module firebase-admin {\"declared\":true,\"installed\":true,\"version\":\"12.1.1\",\"resolution\":\"C:\\\\Users\\\\yonat\\\\OneDrive\\\\Desktop\\\\Amazon-backend-clone\\\\Amazon-clone-frontend-and-backend\\\\functions\\\\node_modules\\\\firebase-admin\\\\lib\\\\index.js\"}"}}
[debug] [2024-05-31T00:46:45.456Z] [runtime-status] [38892] Resolved module firebase-functions {"declared":true,"installed":true,"version":"4.7.0","resolution":"C:\\Users\\yonat\\OneDrive\\Desktop\\Amazon-backend-clone\\Amazon-clone-frontend-and-backend\\functions\\node_modules\\firebase-functions\\lib\\v1\\index.js"} {"metadata":{"emulator":{"name":"functions"},"function":{"name":"us-central1-api"},"extension":{},"message":"[runtime-status] [38892] Resolved module firebase-functions {\"declared\":true,\"installed\":true,\"version\":\"4.7.0\",\"resolution\":\"C:\\\\Users\\\\yonat\\\\OneDrive\\\\Desktop\\\\Amazon-backend-clone\\\\Amazon-clone-frontend-and-backend\\\\functions\\\\node_modules\\\\firebase-functions\\\\lib\\\\v1\\\\index.js\"}"}}
[debug] [2024-05-31T00:46:45.457Z] [runtime-status] [38892] firebase-admin has been stubbed. {"adminResolution":{"declared":true,"installed":true,"version":"12.1.1","resolution":"C:\\Users\\yonat\\OneDrive\\Desktop\\Amazon-backend-clone\\Amazon-clone-frontend-and-backend\\functions\\node_modules\\firebase-admin\\lib\\index.js"}} {"metadata":{"emulator":{"name":"functions"},"function":{"name":"us-central1-api"},"extension":{},"message":"[runtime-status] [38892] firebase-admin has been stubbed. {\"adminResolution\":{\"declared\":true,\"installed\":true,\"version\":\"12.1.1\",\"resolution\":\"C:\\\\Users\\\\yonat\\\\OneDrive\\\\Desktop\\\\Amazon-backend-clone\\\\Amazon-clone-frontend-and-backend\\\\functions\\\\node_modules\\\\firebase-admin\\\\lib\\\\index.js\"}}"}}
[debug] [2024-05-31T00:46:46.060Z] [runtime-status] [38892] Functions runtime initialized. {"cwd":"C:\\Users\\yonat\\OneDrive\\Desktop\\Amazon-backend-clone\\Amazon-clone-frontend-and-backend\\functions","node_version":"20.13.1"} {"metadata":{"emulator":{"name":"functions"},"function":{"name":"us-central1-api"},"extension":{},"message":"[runtime-status] [38892] Functions runtime initialized. {\"cwd\":\"C:\\\\Users\\\\yonat\\\\OneDrive\\\\Desktop\\\\Amazon-backend-clone\\\\Amazon-clone-frontend-and-backend\\\\functions\",\"node_version\":\"20.13.1\"}"}}
[debug] [2024-05-31T00:46:46.060Z] [runtime-status] [38892] Listening to port: \\?\pipe\fire_emu_550ff1f8abfe5cb9 {"metadata":{"emulator":{"name":"functions"},"function":{"name":"us-central1-api"},"extension":{},"message":"[runtime-status] [38892] Listening to port: \\\\?\\pipe\\fire_emu_550ff1f8abfe5cb9"}}
[debug] [2024-05-31T00:46:46.149Z] [worker-us-central1-api-585c06cb-4567-477c-bb7c-86594b0ee773]: IDLE {"metadata":{"emulator":{"name":"functions"},"function":{"name":"us-central1-api"},"extension":{},"message":"[worker-us-central1-api-585c06cb-4567-477c-bb7c-86594b0ee773]: IDLE"}}
[debug] [2024-05-31T00:46:46.150Z] [worker-pool] submitRequest(triggerId=us-central1-api) {"metadata":{"emulator":{"name":"functions"},"message":"[worker-pool] submitRequest(triggerId=us-central1-api)"}}
[info] i  functions: Beginning execution of "us-central1-api" {"metadata":{"emulator":{"name":"functions"},"function":{"name":"us-central1-api"},"extension":{},"message":"Beginning execution of \"us-central1-api\""}}
[debug] [2024-05-31T00:46:46.152Z] [worker-us-central1-api-d3e0ba8c-ad79-49f7-bfe7-f598ff0b54b5]: BUSY {"metadata":{"emulator":{"name":"functions"},"function":{"name":"us-central1-api"},"extension":{},"message":"[worker-us-central1-api-d3e0ba8c-ad79-49f7-bfe7-f598ff0b54b5]: BUSY"}}
[debug] [2024-05-31T00:46:46.492Z] Finishing up request with event=pause {"metadata":{"emulator":{"name":"functions"},"function":{"name":"us-central1-api"},"extension":{},"message":"Finishing up request with event=pause"}}
[info] i  functions: Finished "us-central1-api" in 341.0218ms {"metadata":{"emulator":{"name":"functions"},"function":{"name":"us-central1-api"},"extension":{},"message":"Finished \"us-central1-api\" in 341.0218ms"}}
[debug] [2024-05-31T00:46:46.494Z] [worker-us-central1-api-d3e0ba8c-ad79-49f7-bfe7-f598ff0b54b5]: IDLE {"metadata":{"emulator":{"name":"functions"},"function":{"name":"us-central1-api"},"extension":{},"message":"[worker-us-central1-api-d3e0ba8c-ad79-49f7-bfe7-f598ff0b54b5]: IDLE"}}
[debug] [2024-05-31T00:46:46.494Z] Finishing up request with event=finish {"metadata":{"emulator":{"name":"functions"},"function":{"name":"us-central1-api"},"extension":{},"message":"Finishing up request with event=finish"}}
[debug] [2024-05-31T00:46:46.495Z] Finishing up request with event=close {"metadata":{"emulator":{"name":"functions"},"function":{"name":"us-central1-api"},"extension":{},"message":"Finishing up request with event=close"}}
[debug] [2024-05-31T00:46:46.495Z] [work-queue] {"queuedWork":[],"queueLength":0,"runningWork":[],"workRunningCount":0}
[debug] [2024-05-31T00:47:11.608Z] [work-queue] {"queuedWork":["/e-2024/us-central1/api/payment/create-2024-05-31T00:47:11.608Z"],"queueLength":1,"runningWork":[],"workRunningCount":0}
[debug] [2024-05-31T00:47:11.608Z] [work-queue] {"queuedWork":[],"queueLength":0,"runningWork":["/e-2024/us-central1/api/payment/create-2024-05-31T00:47:11.608Z"],"workRunningCount":1}
[debug] [2024-05-31T00:47:11.609Z] Accepted request POST /e-2024/us-central1/api/payment/create?total=11398 --> us-central1-api
[debug] [2024-05-31T00:47:11.615Z] [functions] Runtime ready! Sending request! {"metadata":{"emulator":{"name":"functions"},"message":"[functions] Runtime ready! Sending request!"}}
[debug] [2024-05-31T00:47:11.616Z] [functions] Got req.url=/e-2024/us-central1/api/payment/create?total=11398, mapping to path=/payment/create?total=11398 {"metadata":{"emulator":{"name":"functions"},"message":"[functions] Got req.url=/e-2024/us-central1/api/payment/create?total=11398, mapping to path=/payment/create?total=11398"}}
[debug] [2024-05-31T00:47:11.617Z] [worker-pool] submitRequest(triggerId=us-central1-api) {"metadata":{"emulator":{"name":"functions"},"message":"[worker-pool] submitRequest(triggerId=us-central1-api)"}}
[info] i  functions: Beginning execution of "us-central1-api" {"metadata":{"emulator":{"name":"functions"},"function":{"name":"us-central1-api"},"extension":{},"message":"Beginning execution of \"us-central1-api\""}}
[debug] [2024-05-31T00:47:11.619Z] [worker-us-central1-api-d3e0ba8c-ad79-49f7-bfe7-f598ff0b54b5]: BUSY {"metadata":{"emulator":{"name":"functions"},"function":{"name":"us-central1-api"},"extension":{},"message":"[worker-us-central1-api-d3e0ba8c-ad79-49f7-bfe7-f598ff0b54b5]: BUSY"}}
[debug] [2024-05-31T00:47:11.933Z] Finishing up request with event=pause {"metadata":{"emulator":{"name":"functions"},"function":{"name":"us-central1-api"},"extension":{},"message":"Finishing up request with event=pause"}}
[info] i  functions: Finished "us-central1-api" in 314.3489ms {"metadata":{"emulator":{"name":"functions"},"function":{"name":"us-central1-api"},"extension":{},"message":"Finished \"us-central1-api\" in 314.3489ms"}}
[debug] [2024-05-31T00:47:11.935Z] [worker-us-central1-api-d3e0ba8c-ad79-49f7-bfe7-f598ff0b54b5]: IDLE {"metadata":{"emulator":{"name":"functions"},"function":{"name":"us-central1-api"},"extension":{},"message":"[worker-us-central1-api-d3e0ba8c-ad79-49f7-bfe7-f598ff0b54b5]: IDLE"}}
[debug] [2024-05-31T00:47:11.936Z] Finishing up request with event=finish {"metadata":{"emulator":{"name":"functions"},"function":{"name":"us-central1-api"},"extension":{},"message":"Finishing up request with event=finish"}}
[debug] [2024-05-31T00:47:11.936Z] Finishing up request with event=close {"metadata":{"emulator":{"name":"functions"},"function":{"name":"us-central1-api"},"extension":{},"message":"Finishing up request with event=close"}}
[debug] [2024-05-31T00:47:11.937Z] [work-queue] {"queuedWork":[],"queueLength":0,"runningWork":[],"workRunningCount":0}
[debug] [2024-05-31T00:53:00.360Z] [work-queue] {"queuedWork":["/e-2024/us-central1/api/payment/create-2024-05-31T00:53:00.360Z"],"queueLength":1,"runningWork":[],"workRunningCount":0}
[debug] [2024-05-31T00:53:00.361Z] [work-queue] {"queuedWork":[],"queueLength":0,"runningWork":["/e-2024/us-central1/api/payment/create-2024-05-31T00:53:00.360Z"],"workRunningCount":1}
[debug] [2024-05-31T00:53:00.362Z] Accepted request POST /e-2024/us-central1/api/payment/create?total=11398 --> us-central1-api
[debug] [2024-05-31T00:53:00.374Z] [functions] Runtime ready! Sending request! {"metadata":{"emulator":{"name":"functions"},"message":"[functions] Runtime ready! Sending request!"}}
[debug] [2024-05-31T00:53:00.374Z] [functions] Got req.url=/e-2024/us-central1/api/payment/create?total=11398, mapping to path=/payment/create?total=11398 {"metadata":{"emulator":{"name":"functions"},"message":"[functions] Got req.url=/e-2024/us-central1/api/payment/create?total=11398, mapping to path=/payment/create?total=11398"}}
[debug] [2024-05-31T00:53:00.375Z] [worker-pool] submitRequest(triggerId=us-central1-api) {"metadata":{"emulator":{"name":"functions"},"message":"[worker-pool] submitRequest(triggerId=us-central1-api)"}}
[info] i  functions: Beginning execution of "us-central1-api" {"metadata":{"emulator":{"name":"functions"},"function":{"name":"us-central1-api"},"extension":{},"message":"Beginning execution of \"us-central1-api\""}}
[debug] [2024-05-31T00:53:00.383Z] [worker-us-central1-api-d3e0ba8c-ad79-49f7-bfe7-f598ff0b54b5]: BUSY {"metadata":{"emulator":{"name":"functions"},"function":{"name":"us-central1-api"},"extension":{},"message":"[worker-us-central1-api-d3e0ba8c-ad79-49f7-bfe7-f598ff0b54b5]: BUSY"}}
[debug] [2024-05-31T00:53:00.905Z] Finishing up request with event=pause {"metadata":{"emulator":{"name":"functions"},"function":{"name":"us-central1-api"},"extension":{},"message":"Finishing up request with event=pause"}}
[info] i  functions: Finished "us-central1-api" in 522.3682ms {"metadata":{"emulator":{"name":"functions"},"function":{"name":"us-central1-api"},"extension":{},"message":"Finished \"us-central1-api\" in 522.3682ms"}}
[debug] [2024-05-31T00:53:00.906Z] [worker-us-central1-api-d3e0ba8c-ad79-49f7-bfe7-f598ff0b54b5]: IDLE {"metadata":{"emulator":{"name":"functions"},"function":{"name":"us-central1-api"},"extension":{},"message":"[worker-us-central1-api-d3e0ba8c-ad79-49f7-bfe7-f598ff0b54b5]: IDLE"}}
[debug] [2024-05-31T00:53:00.906Z] Finishing up request with event=finish {"metadata":{"emulator":{"name":"functions"},"function":{"name":"us-central1-api"},"extension":{},"message":"Finishing up request with event=finish"}}
[debug] [2024-05-31T00:53:00.906Z] Finishing up request with event=close {"metadata":{"emulator":{"name":"functions"},"function":{"name":"us-central1-api"},"extension":{},"message":"Finishing up request with event=close"}}
[debug] [2024-05-31T00:53:00.907Z] [work-queue] {"queuedWork":[],"queueLength":0,"runningWork":[],"workRunningCount":0}
[debug] [2024-05-31T00:54:23.186Z] [work-queue] {"queuedWork":["/e-2024/us-central1/api/payment/create-2024-05-31T00:54:23.186Z"],"queueLength":1,"runningWork":[],"workRunningCount":0}
[debug] [2024-05-31T00:54:23.186Z] [work-queue] {"queuedWork":[],"queueLength":0,"runningWork":["/e-2024/us-central1/api/payment/create-2024-05-31T00:54:23.186Z"],"workRunningCount":1}
[debug] [2024-05-31T00:54:23.186Z] Accepted request POST /e-2024/us-central1/api/payment/create?total=11398 --> us-central1-api
[debug] [2024-05-31T00:54:23.190Z] [functions] Runtime ready! Sending request! {"metadata":{"emulator":{"name":"functions"},"message":"[functions] Runtime ready! Sending request!"}}
[debug] [2024-05-31T00:54:23.191Z] [functions] Got req.url=/e-2024/us-central1/api/payment/create?total=11398, mapping to path=/payment/create?total=11398 {"metadata":{"emulator":{"name":"functions"},"message":"[functions] Got req.url=/e-2024/us-central1/api/payment/create?total=11398, mapping to path=/payment/create?total=11398"}}
[debug] [2024-05-31T00:54:23.191Z] [worker-pool] submitRequest(triggerId=us-central1-api) {"metadata":{"emulator":{"name":"functions"},"message":"[worker-pool] submitRequest(triggerId=us-central1-api)"}}
[info] i  functions: Beginning execution of "us-central1-api" {"metadata":{"emulator":{"name":"functions"},"function":{"name":"us-central1-api"},"extension":{},"message":"Beginning execution of \"us-central1-api\""}}
[debug] [2024-05-31T00:54:23.194Z] [worker-us-central1-api-d3e0ba8c-ad79-49f7-bfe7-f598ff0b54b5]: BUSY {"metadata":{"emulator":{"name":"functions"},"function":{"name":"us-central1-api"},"extension":{},"message":"[worker-us-central1-api-d3e0ba8c-ad79-49f7-bfe7-f598ff0b54b5]: BUSY"}}
[debug] [2024-05-31T00:54:23.723Z] Finishing up request with event=pause {"metadata":{"emulator":{"name":"functions"},"function":{"name":"us-central1-api"},"extension":{},"message":"Finishing up request with event=pause"}}
[info] i  functions: Finished "us-central1-api" in 529.3878ms {"metadata":{"emulator":{"name":"functions"},"function":{"name":"us-central1-api"},"extension":{},"message":"Finished \"us-central1-api\" in 529.3878ms"}}
[debug] [2024-05-31T00:54:23.724Z] [worker-us-central1-api-d3e0ba8c-ad79-49f7-bfe7-f598ff0b54b5]: IDLE {"metadata":{"emulator":{"name":"functions"},"function":{"name":"us-central1-api"},"extension":{},"message":"[worker-us-central1-api-d3e0ba8c-ad79-49f7-bfe7-f598ff0b54b5]: IDLE"}}
[debug] [2024-05-31T00:54:23.725Z] Finishing up request with event=finish {"metadata":{"emulator":{"name":"functions"},"function":{"name":"us-central1-api"},"extension":{},"message":"Finishing up request with event=finish"}}
[debug] [2024-05-31T00:54:23.725Z] Finishing up request with event=close {"metadata":{"emulator":{"name":"functions"},"function":{"name":"us-central1-api"},"extension":{},"message":"Finishing up request with event=close"}}
[debug] [2024-05-31T00:54:23.725Z] [work-queue] {"queuedWork":[],"queueLength":0,"runningWork":[],"workRunningCount":0}
